"word" has 8 occurrences
"h" has 6 occurrences
"1" has 5 occurrences
"a" has 3 occurrences
"each" has 3 occurrences
"elem" has 3 occurrences
"Word" has 2 occurrences
"Alpha" has 2 occurrences
"alpha" has 2 occurrences
"b" has 2 occurrences
"line" has 2 occurrences
"sort" has 2 occurrences
"0" has 2 occurrences
"ARGV" has 1 occurrences
"and" has 1 occurrences
"by" has 1 occurrences
"counting" has 1 occurrences
"else" has 1 occurrences
"end" has 1 occurrences
"File" has 1 occurrences
"for" has 1 occurrences
"fun" has 1 occurrences
"Hash" has 1 occurrences
"Here" has 1 occurrences
"has" has 1 occurrences
"has_key" has 1 occurrences
"hash" has 1 occurrences
"if" has 1 occurrences
"in" has 1 occurrences
"it" has 1 occurrences
"just" has 1 occurrences
"little" has 1 occurrences
"Minor" has 1 occurrences
"new" has 1 occurrences
"occurrences" has 1 occurrences
"open" has 1 occurrences
"order" has 1 occurrences
"print" has 1 occurrences
"program" has 1 occurrences
"puts" has 1 occurrences
"Ruby" has 1 occurrences
"r" has 1 occurrences
"StuffWx" has 1 occurrences
"Stuffwb" has 1 occurrences
"StuffAx" has 1 occurrences
"Stuffab" has 1 occurrences
"s" has 1 occurrences
"sorted" has 1 occurrences
"source" has 1 occurrences
"split" has 1 occurrences
"the" has 1 occurrences
"then" has 1 occurrences
"this" has 1 occurrences
"value" has 1 occurrences
